Flow report for terasic_de10lite
Mon Aug 15 15:24:07 2022
Quartus Prime Version 20.1.1 Build 720 11/11/2020 SJ Lite Edition


---------------------
; Table of Contents ;
---------------------
  1. Legal Notice
  2. Flow Summary
  3. Flow Settings
  4. Flow Non-Default Global Settings
  5. Flow Elapsed Time
  6. Flow OS Summary
  7. Flow Log
  8. Flow Messages
  9. Flow Suppressed Messages



----------------
; Legal Notice ;
----------------
Copyright (C) 2020  Intel Corporation. All rights reserved.
Your use of Intel Corporation's design tools, logic functions 
and other software and tools, and any partner logic 
functions, and any output files from any of the foregoing 
(including device programming or simulation files), and any 
associated documentation or information are expressly subject 
to the terms and conditions of the Intel Program License 
Subscription Agreement, the Intel Quartus Prime License Agreement,
the Intel FPGA IP License Agreement, or other applicable license
agreement, including, without limitation, that your use is for
the sole purpose of programming logic devices manufactured by
Intel and sold by Intel or its authorized distributors.  Please
refer to the applicable agreement for further details, at
https://fpgasoftware.intel.com/eula.



+----------------------------------------------------------------------------------+
; Flow Summary                                                                     ;
+------------------------------------+---------------------------------------------+
; Flow Status                        ; Successful - Mon Aug 15 15:24:00 2022       ;
; Quartus Prime Version              ; 20.1.1 Build 720 11/11/2020 SJ Lite Edition ;
; Revision Name                      ; terasic_de10lite                            ;
; Top-level Entity Name              ; terasic_de10lite                            ;
; Family                             ; MAX 10                                      ;
; Device                             ; 10M50DAF484C7G                              ;
; Timing Models                      ; Final                                       ;
; Total logic elements               ; 5,788 / 49,760 ( 12 % )                     ;
;     Total combinational functions  ; 5,241 / 49,760 ( 11 % )                     ;
;     Dedicated logic registers      ; 2,409 / 49,760 ( 5 % )                      ;
; Total registers                    ; 2439                                        ;
; Total pins                         ; 28 / 360 ( 8 % )                            ;
; Total virtual pins                 ; 0                                           ;
; Total memory bits                  ; 929,824 / 1,677,312 ( 55 % )                ;
; Embedded Multiplier 9-bit elements ; 8 / 288 ( 3 % )                             ;
; Total PLLs                         ; 1 / 4 ( 25 % )                              ;
; UFM blocks                         ; 0 / 1 ( 0 % )                               ;
; ADC blocks                         ; 0 / 2 ( 0 % )                               ;
+------------------------------------+---------------------------------------------+


+-----------------------------------------+
; Flow Settings                           ;
+-------------------+---------------------+
; Option            ; Setting             ;
+-------------------+---------------------+
; Start date & time ; 08/15/2022 15:22:12 ;
; Main task         ; Compilation         ;
; Revision Name     ; terasic_de10lite    ;
+-------------------+---------------------+


+-------------------------------------------------------------------------------------------------------------------------+
; Flow Non-Default Global Settings                                                                                        ;
+-------------------------------------+----------------------------------------+---------------+-------------+------------+
; Assignment Name                     ; Value                                  ; Default Value ; Entity Name ; Section Id ;
+-------------------------------------+----------------------------------------+---------------+-------------+------------+
; COMPILER_SIGNATURE_ID               ; 88925249192827.166056613230135         ; --            ; --          ; --         ;
; PARTITION_COLOR                     ; -- (Not supported for targeted family) ; --            ; --          ; Top        ;
; PARTITION_FITTER_PRESERVATION_LEVEL ; -- (Not supported for targeted family) ; --            ; --          ; Top        ;
; PARTITION_NETLIST_TYPE              ; -- (Not supported for targeted family) ; --            ; --          ; Top        ;
+-------------------------------------+----------------------------------------+---------------+-------------+------------+


+--------------------------------------------------------------------------------------------------------------------------+
; Flow Elapsed Time                                                                                                        ;
+----------------------+--------------+-------------------------+---------------------+------------------------------------+
; Module Name          ; Elapsed Time ; Average Processors Used ; Peak Virtual Memory ; Total CPU Time (on all processors) ;
+----------------------+--------------+-------------------------+---------------------+------------------------------------+
; Analysis & Synthesis ; 00:01:15     ; 1.0                     ; 1527 MB             ; 00:01:41                           ;
; Fitter               ; 00:00:26     ; 2.1                     ; 1479 MB             ; 00:01:15                           ;
; Assembler            ; 00:00:03     ; 1.0                     ; 381 MB              ; 00:00:03                           ;
; Timing Analyzer      ; 00:00:06     ; 3.7                     ; 641 MB              ; 00:00:20                           ;
; Total                ; 00:01:50     ; --                      ; --                  ; 00:03:19                           ;
+----------------------+--------------+-------------------------+---------------------+------------------------------------+


+----------------------------------------------------------------------------------------+
; Flow OS Summary                                                                        ;
+----------------------+------------------+----------------+------------+----------------+
; Module Name          ; Machine Hostname ; OS Name        ; OS Version ; Processor type ;
+----------------------+------------------+----------------+------------+----------------+
; Analysis & Synthesis ; iamme-AERO       ; Ubuntu 22.04.1 ; 22         ; x86_64         ;
; Fitter               ; iamme-AERO       ; Ubuntu 22.04.1 ; 22         ; x86_64         ;
; Assembler            ; iamme-AERO       ; Ubuntu 22.04.1 ; 22         ; x86_64         ;
; Timing Analyzer      ; iamme-AERO       ; Ubuntu 22.04.1 ; 22         ; x86_64         ;
+----------------------+------------------+----------------+------------+----------------+


------------
; Flow Log ;
------------
quartus_map --read_settings_files=on --write_settings_files=off terasic_de10lite -c terasic_de10lite
quartus_fit --read_settings_files=off --write_settings_files=off terasic_de10lite -c terasic_de10lite
quartus_asm --read_settings_files=off --write_settings_files=off terasic_de10lite -c terasic_de10lite
quartus_sta terasic_de10lite -c terasic_de10lite



